<?xml version="1.0" encoding="UTF-8"?>
<!-- Generated by org.testng.reporters.JUnitReportReporter -->
<testsuite hostname="DESKTOP-LPKJ4V1" failures="0" tests="1" name="com.docker.ChromeTest" time="10.281" errors="0" timestamp="2024-07-22T17:46:30 EDT" skipped="0">
  <testcase classname="com.docker.ChromeTest" name="test_chrome" time="10.281"/>
  <system-out/>
</testsuite> <!-- com.docker.ChromeTest -->
