<?xml version="1.0" encoding="UTF-8"?>
<!-- Generated by org.testng.reporters.JUnitReportReporter -->
<testsuite hostname="DESKTOP-LPKJ4V1" failures="0" tests="1" name="com.docker.MSEdgeTest" time="51.502" errors="0" timestamp="2024-07-22T17:54:51 EDT" skipped="0">
  <testcase classname="com.docker.MSEdgeTest" name="test_Edge" time="51.502"/>
  <system-out/>
</testsuite> <!-- com.docker.MSEdgeTest -->
