<?xml version="1.0" encoding="UTF-8"?>
<!-- Generated by org.testng.reporters.JUnitReportReporter -->
<testsuite hostname="DESKTOP-LPKJ4V1" failures="0" tests="1" name="com.docker.FireFoxTest" time="24.784" errors="0" timestamp="2024-07-22T17:54:51 EDT" skipped="0">
  <testcase classname="com.docker.FireFoxTest" name="test_FireFox" time="24.784"/>
  <system-out/>
</testsuite> <!-- com.docker.FireFoxTest -->
