<?xml version="1.0" encoding="UTF-8"?>
<!-- Generated by org.testng.reporters.JUnitReportReporter -->
<testsuite hostname="DESKTOP-LPKJ4V1" failures="0" tests="1" name="com.docker.FireFoxTest" time="29.730" errors="0" timestamp="2024-07-24T15:35:45 EDT" skipped="0">
  <testcase classname="com.docker.FireFoxTest" name="test_FireFox" time="29.730"/>
  <system-out/>
</testsuite> <!-- com.docker.FireFoxTest -->
